<?xml version="1.0" encoding="UTF-8"?>
<!-- Generated by org.testng.reporters.JUnitXMLReporter -->
<testsuite hostname="RGGYSLT-0639" ignored="0" name="FireFoxTest" tests="1" failures="1" timestamp="2020-08-03T11:01:33 IST" time="14.316" errors="0">
  <testcase name="@BeforeTest setDriver" time="0.014" classname="ota.BrowserFiresUtility.BrowserFires">
    <failure type="java.lang.Exception" message="invalid browser name">
      <![CDATA[java.lang.Exception: invalid browser name
at ota.BrowserFiresUtility.BrowserFires.setDriver(BrowserFires.java:112)
at java.util.concurrent.FutureTask.run(Unknown Source)
at java.util.concurrent.ThreadPoolExecutor.runWorker(Unknown Source)
at java.util.concurrent.ThreadPoolExecutor$Worker.run(Unknown Source)
at java.lang.Thread.run(Unknown Source)
... Removed 15 stack frames]]>
    </failure>
  </testcase> <!-- @BeforeTest setDriver -->
  <testcase name="@BeforeMethod extenReportSetup" time="-1.596432679288E9" classname="ota.BrowserFiresUtility.BrowserFires">
    <skipped/>
  </testcase> <!-- @BeforeMethod extenReportSetup -->
  <testcase name="@AfterMethod tearDown" time="-1.596432679296E9" classname="ota.BrowserFiresUtility.BrowserFires">
    <skipped/>
  </testcase> <!-- @AfterMethod tearDown -->
  <testcase name="Item_Select" time="0.005" classname="AmazonTest.ItemSelect">
    <failure type="java.lang.IllegalArgumentException" message="Cannot find elements when the selector is null">
      <![CDATA[java.lang.IllegalArgumentException: Cannot find elements when the selector is null
at org.openqa.selenium.By$ByCssSelector.<init>(By.java:422)
at org.openqa.selenium.By.cssSelector(By.java:116)
at AmazonTest.ItemSelect.Item_Select(ItemSelect.java:18)
at java.util.ArrayList.forEach(Unknown Source)
at java.util.concurrent.FutureTask.run(Unknown Source)
at java.util.concurrent.ThreadPoolExecutor.runWorker(Unknown Source)
at java.util.concurrent.ThreadPoolExecutor$Worker.run(Unknown Source)
at java.lang.Thread.run(Unknown Source)
... Removed 18 stack frames]]>
    </failure>
  </testcase> <!-- Item_Select -->
</testsuite> <!-- FireFoxTest -->
