<?xml version="1.0" encoding="UTF-8"?>
<!-- Generated by org.testng.reporters.JUnitXMLReporter -->
<testsuite hostname="RGGYSLT-0639" ignored="0" name="InternetExploreTest" tests="1" failures="0" timestamp="2020-08-03T11:01:19 IST" time="0.071" errors="0">
  <testcase name="@BeforeTest setDriver" time="0.014" classname="ota.BrowserFiresUtility.BrowserFires">
    <failure type="java.lang.Exception" message="invalid browser name">
      <![CDATA[java.lang.Exception: invalid browser name
at ota.BrowserFiresUtility.BrowserFires.setDriver(BrowserFires.java:112)
at java.util.concurrent.FutureTask.run(Unknown Source)
at java.util.concurrent.ThreadPoolExecutor.runWorker(Unknown Source)
at java.util.concurrent.ThreadPoolExecutor$Worker.run(Unknown Source)
at java.lang.Thread.run(Unknown Source)
... Removed 15 stack frames]]>
    </failure>
  </testcase> <!-- @BeforeTest setDriver -->
  <testcase name="@BeforeMethod extenReportSetup" time="-1.596432679288E9" classname="ota.BrowserFiresUtility.BrowserFires">
    <skipped/>
  </testcase> <!-- @BeforeMethod extenReportSetup -->
  <testcase name="@AfterMethod tearDown" time="-1.596432679296E9" classname="ota.BrowserFiresUtility.BrowserFires">
    <skipped/>
  </testcase> <!-- @AfterMethod tearDown -->
  <testcase name="Item_Select" time="0.0" classname="AmazonTest.ItemSelect">
    <skipped/>
  </testcase> <!-- Item_Select -->
</testsuite> <!-- InternetExploreTest -->
